[1027/124003.327:ERROR:process_reader_win.cc(151)] SuspendThread: Access is denied. (0x5)
[1027/124003.327:ERROR:process_reader_win.cc(151)] SuspendThread: Access is denied. (0x5)
[1027/124003.327:ERROR:process_reader_win.cc(151)] SuspendThread: Access is denied. (0x5)
[1027/124003.327:ERROR:process_reader_win.cc(151)] SuspendThread: Access is denied. (0x5)
[1027/124003.327:ERROR:process_reader_win.cc(123)] NtOpenThread: {Access Denied} A process has requested access to an object, but has not been granted those access rights.  (0xc0000022)
[1027/124003.327:ERROR:exception_snapshot_win.cc(87)] thread ID 11076 not found in process
[1027/124003.327:WARNING:crash_report_exception_handler.cc(62)] ProcessSnapshotWin::Initialize failed
[1027/130620.371:ERROR:process_reader_win.cc(151)] SuspendThread: Access is denied. (0x5)
[1027/130620.375:ERROR:process_reader_win.cc(151)] SuspendThread: Access is denied. (0x5)
[1027/130620.375:ERROR:process_reader_win.cc(151)] SuspendThread: Access is denied. (0x5)
[1027/130620.375:ERROR:process_reader_win.cc(123)] NtOpenThread: {Access Denied} A process has requested access to an object, but has not been granted those access rights.  (0xc0000022)
[1027/130620.375:ERROR:exception_snapshot_win.cc(87)] thread ID 8648 not found in process
[1027/130620.375:WARNING:crash_report_exception_handler.cc(62)] ProcessSnapshotWin::Initialize failed
[1031/161514.938:ERROR:process_reader_win.cc(151)] SuspendThread: Access is denied. (0x5)
[1031/161514.940:ERROR:process_reader_win.cc(151)] SuspendThread: Access is denied. (0x5)
[1031/161514.940:ERROR:process_reader_win.cc(151)] SuspendThread: Access is denied. (0x5)
[1031/161514.940:ERROR:process_reader_win.cc(151)] SuspendThread: Access is denied. (0x5)
[1031/161514.940:ERROR:process_reader_win.cc(151)] SuspendThread: Access is denied. (0x5)
[1031/161514.941:ERROR:process_reader_win.cc(123)] NtOpenThread: {Access Denied} A process has requested access to an object, but has not been granted those access rights.  (0xc0000022)
[1031/161514.942:ERROR:exception_snapshot_win.cc(87)] thread ID 8144 not found in process
[1031/161514.942:WARNING:crash_report_exception_handler.cc(62)] ProcessSnapshotWin::Initialize failed
[1031/163539.723:ERROR:process_reader_win.cc(123)] NtOpenThread: {Access Denied} A process has requested access to an object, but has not been granted those access rights.  (0xc0000022)
[1031/163539.724:ERROR:exception_snapshot_win.cc(87)] thread ID 5776 not found in process
[1031/163539.724:WARNING:crash_report_exception_handler.cc(62)] ProcessSnapshotWin::Initialize failed
[1106/103324.898:ERROR:process_reader_win.cc(151)] SuspendThread: Access is denied. (0x5)
[1106/103324.909:ERROR:process_reader_win.cc(151)] SuspendThread: Access is denied. (0x5)
[1106/103324.909:ERROR:process_reader_win.cc(151)] SuspendThread: Access is denied. (0x5)
[1106/103324.909:ERROR:process_reader_win.cc(151)] SuspendThread: Access is denied. (0x5)
[1106/103324.909:ERROR:process_reader_win.cc(151)] SuspendThread: Access is denied. (0x5)
[1106/103324.909:ERROR:process_reader_win.cc(151)] SuspendThread: Access is denied. (0x5)
[1106/103324.909:ERROR:process_reader_win.cc(123)] NtOpenThread: {Access Denied} A process has requested access to an object, but has not been granted those access rights.  (0xc0000022)
[1106/103324.910:ERROR:exception_snapshot_win.cc(87)] thread ID 9964 not found in process
[1106/103324.910:WARNING:crash_report_exception_handler.cc(62)] ProcessSnapshotWin::Initialize failed
[1111/221703.269:ERROR:process_reader_win.cc(123)] NtOpenThread: {Access Denied} A process has requested access to an object, but has not been granted those access rights.  (0xc0000022)
[1111/221703.272:ERROR:exception_snapshot_win.cc(87)] thread ID 2316 not found in process
[1111/221703.272:WARNING:crash_report_exception_handler.cc(62)] ProcessSnapshotWin::Initialize failed
[0302/201010.612:ERROR:process_reader_win.cc(151)] SuspendThread: Access is denied. (0x5)
[0302/201010.616:ERROR:process_reader_win.cc(151)] SuspendThread: Access is denied. (0x5)
[0302/201010.616:ERROR:process_reader_win.cc(151)] SuspendThread: Access is denied. (0x5)
[0302/201010.616:ERROR:process_reader_win.cc(151)] SuspendThread: Access is denied. (0x5)
[0302/201010.616:ERROR:process_reader_win.cc(151)] SuspendThread: Access is denied. (0x5)
[0302/201010.616:ERROR:process_reader_win.cc(123)] NtOpenThread: {Access Denied} A process has requested access to an object, but has not been granted those access rights. (0xc0000022)
[0302/201010.618:ERROR:exception_snapshot_win.cc(88)] thread ID 12116 not found in process
[0302/201010.618:WARNING:crash_report_exception_handler.cc(62)] ProcessSnapshotWin::Initialize failed
[0302/202254.866:ERROR:process_reader_win.cc(151)] SuspendThread: Access is denied. (0x5)
[0302/202254.866:ERROR:process_reader_win.cc(151)] SuspendThread: Access is denied. (0x5)
[0302/202254.866:ERROR:process_reader_win.cc(151)] SuspendThread: Access is denied. (0x5)
[0302/202254.866:ERROR:process_reader_win.cc(151)] SuspendThread: Access is denied. (0x5)
[0302/202254.866:ERROR:process_reader_win.cc(151)] SuspendThread: Access is denied. (0x5)
[0302/202254.866:ERROR:process_reader_win.cc(151)] SuspendThread: Access is denied. (0x5)
[0302/202254.866:ERROR:process_reader_win.cc(123)] NtOpenThread: {Access Denied} A process has requested access to an object, but has not been granted those access rights. (0xc0000022)
[0302/202254.866:ERROR:exception_snapshot_win.cc(88)] thread ID 8208 not found in process
[0302/202254.866:WARNING:crash_report_exception_handler.cc(62)] ProcessSnapshotWin::Initialize failed
[0403/224148.047:ERROR:process_reader_win.cc(123)] NtOpenThread: {Access Denied} A process has requested access to an object, but has not been granted those access rights. (0xc0000022)
[0403/224148.047:ERROR:exception_snapshot_win.cc(88)] thread ID 10376 not found in process
[0403/224148.047:WARNING:crash_report_exception_handler.cc(62)] ProcessSnapshotWin::Initialize failed
[0403/224554.044:ERROR:process_reader_win.cc(123)] NtOpenThread: {Access Denied} A process has requested access to an object, but has not been granted those access rights. (0xc0000022)
[0403/224554.044:ERROR:exception_snapshot_win.cc(88)] thread ID 13048 not found in process
[0403/224554.044:WARNING:crash_report_exception_handler.cc(62)] ProcessSnapshotWin::Initialize failed
[0403/224953.467:ERROR:process_reader_win.cc(123)] NtOpenThread: {Access Denied} A process has requested access to an object, but has not been granted those access rights. (0xc0000022)
[0403/224953.467:ERROR:exception_snapshot_win.cc(88)] thread ID 7612 not found in process
[0403/224953.467:WARNING:crash_report_exception_handler.cc(62)] ProcessSnapshotWin::Initialize failed
[0403/225958.811:ERROR:process_reader_win.cc(123)] NtOpenThread: {Access Denied} A process has requested access to an object, but has not been granted those access rights. (0xc0000022)
[0403/225958.816:ERROR:exception_snapshot_win.cc(88)] thread ID 8752 not found in process
[0403/225958.816:WARNING:crash_report_exception_handler.cc(62)] ProcessSnapshotWin::Initialize failed
[0403/230412.363:ERROR:process_reader_win.cc(123)] NtOpenThread: {Access Denied} A process has requested access to an object, but has not been granted those access rights. (0xc0000022)
[0403/230412.364:ERROR:exception_snapshot_win.cc(88)] thread ID 5112 not found in process
[0403/230412.364:WARNING:crash_report_exception_handler.cc(62)] ProcessSnapshotWin::Initialize failed
[0403/230842.829:ERROR:process_reader_win.cc(123)] NtOpenThread: {Access Denied} A process has requested access to an object, but has not been granted those access rights. (0xc0000022)
[0403/230842.829:ERROR:exception_snapshot_win.cc(88)] thread ID 9544 not found in process
[0403/230842.829:WARNING:crash_report_exception_handler.cc(62)] ProcessSnapshotWin::Initialize failed
[0403/231818.858:ERROR:process_reader_win.cc(123)] NtOpenThread: {Access Denied} A process has requested access to an object, but has not been granted those access rights. (0xc0000022)
[0403/231818.859:ERROR:exception_snapshot_win.cc(88)] thread ID 12060 not found in process
[0403/231818.859:WARNING:crash_report_exception_handler.cc(62)] ProcessSnapshotWin::Initialize failed
[0403/232411.359:ERROR:process_reader_win.cc(123)] NtOpenThread: {Access Denied} A process has requested access to an object, but has not been granted those access rights. (0xc0000022)
[0403/232411.359:ERROR:exception_snapshot_win.cc(88)] thread ID 9056 not found in process
[0403/232411.359:WARNING:crash_report_exception_handler.cc(62)] ProcessSnapshotWin::Initialize failed
[0621/111248.713:ERROR:process_reader_win.cc(123)] NtOpenThread: {Access Denied} A process has requested access to an object, but has not been granted those access rights. (0xc0000022)
[0621/111248.721:ERROR:exception_snapshot_win.cc(88)] thread ID 8244 not found in process
[0621/112213.965:ERROR:process_reader_win.cc(123)] NtOpenThread: {Access Denied} A process has requested access to an object, but has not been granted those access rights. (0xc0000022)
[0621/112213.966:ERROR:exception_snapshot_win.cc(88)] thread ID 6120 not found in process
[0621/112331.269:ERROR:process_reader_win.cc(123)] NtOpenThread: {Access Denied} A process has requested access to an object, but has not been granted those access rights. (0xc0000022)
[0621/112331.269:ERROR:exception_snapshot_win.cc(88)] thread ID 8752 not found in process
[0621/112415.208:ERROR:process_reader_win.cc(123)] NtOpenThread: {Access Denied} A process has requested access to an object, but has not been granted those access rights. (0xc0000022)
[0621/112415.209:ERROR:exception_snapshot_win.cc(88)] thread ID 4468 not found in process
[0621/112455.358:ERROR:process_reader_win.cc(123)] NtOpenThread: {Access Denied} A process has requested access to an object, but has not been granted those access rights. (0xc0000022)
[0621/112455.359:ERROR:exception_snapshot_win.cc(88)] thread ID 7716 not found in process
[0621/112713.474:ERROR:process_reader_win.cc(123)] NtOpenThread: {Access Denied} A process has requested access to an object, but has not been granted those access rights. (0xc0000022)
[0621/112713.475:ERROR:exception_snapshot_win.cc(88)] thread ID 14664 not found in process
[0621/112900.634:ERROR:process_reader_win.cc(123)] NtOpenThread: {Access Denied} A process has requested access to an object, but has not been granted those access rights. (0xc0000022)
[0621/112900.635:ERROR:exception_snapshot_win.cc(88)] thread ID 5116 not found in process
[0621/113046.638:ERROR:process_reader_win.cc(123)] NtOpenThread: {Access Denied} A process has requested access to an object, but has not been granted those access rights. (0xc0000022)
[0621/113046.639:ERROR:exception_snapshot_win.cc(88)] thread ID 2404 not found in process
[0621/113348.008:ERROR:process_reader_win.cc(123)] NtOpenThread: {Access Denied} A process has requested access to an object, but has not been granted those access rights. (0xc0000022)
[0621/113348.009:ERROR:exception_snapshot_win.cc(88)] thread ID 13240 not found in process
[0625/112727.768:ERROR:process_reader_win.cc(123)] NtOpenThread: {Access Denied} A process has requested access to an object, but has not been granted those access rights. (0xc0000022)
[0625/112727.770:ERROR:exception_snapshot_win.cc(88)] thread ID 15432 not found in process
[0625/152452.056:ERROR:process_reader_win.cc(123)] NtOpenThread: {Access Denied} A process has requested access to an object, but has not been granted those access rights. (0xc0000022)
[0625/152452.057:ERROR:exception_snapshot_win.cc(88)] thread ID 14536 not found in process
